<?xml version="1.0" encoding="UTF-8"?>
<!-- Generated by org.testng.reporters.JUnitXMLReporter -->
<testsuite ignored="0" hostname="DESKTOP-DOD3GUP" failures="0" tests="6" name="Users and Product" time="0.061" errors="0" timestamp="2023-03-27T10:28:33 IST">
  <testcase classname="com.sgtesting.users.Users" name="createuser" time="0.004"/>
  <testcase classname="com.sgtesting.users.Users" name="deleteuser" time="0.001"/>
  <testcase classname="com.sgtesting.users.Users" name="modifyuser" time="0.001"/>
  <testcase classname="com.sgtesting.Product.Product" name="deleteproduct" time="0.001"/>
  <testcase classname="com.sgtesting.Product.Product" name="productUser" time="0.001"/>
  <testcase classname="com.sgtesting.Product.Product" name="productmodify" time="0.001"/>
</testsuite> <!-- Users and Product -->
