<?xml version="1.0" encoding="UTF-8"?>
<testng-results ignored="0" total="3" passed="3" failed="0" skipped="0">
  <reporter-output>
  </reporter-output>
  <suite started-at="2023-04-07T08:00:28 IST" name="Default suite" finished-at="2023-04-07T08:00:28 IST" duration-ms="39">
    <groups>
    </groups>
    <test started-at="2023-04-07T08:00:28 IST" name="Default test" finished-at="2023-04-07T08:00:28 IST" duration-ms="39">
      <class name="com.sgtesting.users.Users">
        <test-method is-config="true" signature="setup()[pri:0, instance:com.sgtesting.users.Users@41e1e210]" started-at="2023-04-07T08:00:28 IST" name="setup" finished-at="2023-04-07T08:00:28 IST" duration-ms="5" status="PASS">
          <reporter-output>
          </reporter-output>
        </test-method> <!-- setup -->
        <test-method signature="createuser()[pri:0, instance:com.sgtesting.users.Users@41e1e210]" started-at="2023-04-07T08:00:28 IST" name="createuser" finished-at="2023-04-07T08:00:28 IST" duration-ms="5" status="PASS">
          <reporter-output>
          </reporter-output>
        </test-method> <!-- createuser -->
        <test-method signature="deleteuser()[pri:0, instance:com.sgtesting.users.Users@41e1e210]" started-at="2023-04-07T08:00:28 IST" name="deleteuser" finished-at="2023-04-07T08:00:28 IST" duration-ms="1" status="PASS">
          <reporter-output>
          </reporter-output>
        </test-method> <!-- deleteuser -->
        <test-method signature="modifyuser()[pri:0, instance:com.sgtesting.users.Users@41e1e210]" started-at="2023-04-07T08:00:28 IST" name="modifyuser" finished-at="2023-04-07T08:00:28 IST" duration-ms="0" status="PASS">
          <reporter-output>
          </reporter-output>
        </test-method> <!-- modifyuser -->
        <test-method is-config="true" signature="tearDown()[pri:0, instance:com.sgtesting.users.Users@41e1e210]" started-at="2023-04-07T08:00:28 IST" name="tearDown" finished-at="2023-04-07T08:00:28 IST" duration-ms="0" status="PASS">
          <reporter-output>
          </reporter-output>
        </test-method> <!-- tearDown -->
      </class> <!-- com.sgtesting.users.Users -->
    </test> <!-- Default test -->
  </suite> <!-- Default suite -->
</testng-results>
