<?xml version="1.0" encoding="UTF-8"?>
<!-- Generated by org.testng.reporters.JUnitXMLReporter -->
<testsuite ignored="0" hostname="DESKTOP-DOD3GUP" failures="0" tests="3" name="Default test" time="0.039" errors="0" timestamp="2023-04-07T08:00:28 IST">
  <testcase classname="com.sgtesting.users.Users" name="createuser" time="0.005"/>
  <testcase classname="com.sgtesting.users.Users" name="deleteuser" time="0.001"/>
  <testcase classname="com.sgtesting.users.Users" name="modifyuser" time="0.0"/>
</testsuite> <!-- Default test -->
