<?xml version="1.0" encoding="UTF-8"?>
<!-- Generated by org.testng.reporters.JUnitXMLReporter -->
<testsuite ignored="7" hostname="DESKTOP-DOD3GUP" failures="0" tests="1" name="Default test" time="0.034" errors="0" timestamp="2023-03-28T14:07:18 IST">
  <testcase classname="com.sgtesting.Assertion.AssertEqualDemo" name="assertnotsameTesting" time="0.007"/>
  <testcase classname="com.sgtesting.Assertion.AssertEqualDemo" name="asserttruetesting" time="0.0">
    <ignored/>
  </testcase> <!-- asserttruetesting -->
  <testcase classname="com.sgtesting.Assertion.AssertEqualDemo" name="assertequalsTestng" time="0.0">
    <ignored/>
  </testcase> <!-- assertequalsTestng -->
  <testcase classname="com.sgtesting.Assertion.AssertEqualDemo" name="assertnotnull" time="0.0">
    <ignored/>
  </testcase> <!-- assertnotnull -->
  <testcase classname="com.sgtesting.Assertion.AssertEqualDemo" name="assertnotequalstestng" time="0.0">
    <ignored/>
  </testcase> <!-- assertnotequalstestng -->
  <testcase classname="com.sgtesting.Assertion.AssertEqualDemo" name="assertsameTesting" time="0.0">
    <ignored/>
  </testcase> <!-- assertsameTesting -->
  <testcase classname="com.sgtesting.Assertion.AssertEqualDemo" name="assertfalsetesting" time="0.0">
    <ignored/>
  </testcase> <!-- assertfalsetesting -->
  <testcase classname="com.sgtesting.Assertion.AssertEqualDemo" name="assertnulltesting" time="0.0">
    <ignored/>
  </testcase> <!-- assertnulltesting -->
</testsuite> <!-- Default test -->
