<?xml version="1.0" encoding="UTF-8"?>
<testng-results ignored="7" total="8" passed="1" failed="0" skipped="0">
  <reporter-output>
  </reporter-output>
  <suite started-at="2023-03-28T14:07:18 IST" name="Default suite" finished-at="2023-03-28T14:07:18 IST" duration-ms="34">
    <groups>
    </groups>
    <test started-at="2023-03-28T14:07:18 IST" name="Default test" finished-at="2023-03-28T14:07:18 IST" duration-ms="34">
      <class name="com.sgtesting.Assertion.AssertEqualDemo">
        <test-method signature="assertnotsameTesting()[pri:0, instance:com.sgtesting.Assertion.AssertEqualDemo@57d7f8ca]" started-at="2023-03-28T14:07:18 IST" name="assertnotsameTesting" finished-at="2023-03-28T14:07:18 IST" duration-ms="7" status="PASS">
          <reporter-output>
          </reporter-output>
        </test-method> <!-- assertnotsameTesting -->
      </class> <!-- com.sgtesting.Assertion.AssertEqualDemo -->
    </test> <!-- Default test -->
  </suite> <!-- Default suite -->
</testng-results>
